E:\2017\RTMPQOE-MASTER\DEBUG\FINAL.EXE
E:\2017\RTMPQOE-MASTER\DEBUG\FINAL.ILK
E:\2017\RTMPQOE-MASTER\DEBUG\FINAL.PDB
E:\2017\RTMPQOE-MASTER\FINAL\DEBUG\ADAPTERLIST.OBJ
E:\2017\RTMPQoE-master\final\Debug\cl.command.1.tlog
E:\2017\RTMPQoE-master\final\Debug\CL.read.1.tlog
E:\2017\RTMPQoE-master\final\Debug\CL.write.1.tlog
E:\2017\RTMPQOE-MASTER\FINAL\DEBUG\CMDUTILS.OBJ
E:\2017\RTMPQOE-MASTER\FINAL\DEBUG\CTCHART1.OBJ
E:\2017\RTMPQOE-MASTER\FINAL\DEBUG\FFPLAY.OBJ
E:\2017\RTMPQOE-MASTER\FINAL\DEBUG\FINAL.EXE.EMBED.MANIFEST
E:\2017\RTMPQOE-MASTER\FINAL\DEBUG\FINAL.EXE.EMBED.MANIFEST.RES
E:\2017\RTMPQOE-MASTER\FINAL\DEBUG\FINAL.EXE.INTERMEDIATE.MANIFEST
E:\2017\RTMPQOE-MASTER\FINAL\DEBUG\FINAL.OBJ
E:\2017\RTMPQOE-MASTER\FINAL\DEBUG\FINAL.PCH
E:\2017\RTMPQOE-MASTER\FINAL\DEBUG\FINAL.RES
E:\2017\RTMPQoE-master\final\Debug\final.write.1.tlog
E:\2017\RTMPQoE-master\final\Debug\final_manifest.rc
E:\2017\RTMPQOE-MASTER\FINAL\DEBUG\FINALDLG.OBJ
E:\2017\RTMPQoE-master\final\Debug\link.command.1.tlog
E:\2017\RTMPQoE-master\final\Debug\link.read.1.tlog
E:\2017\RTMPQoE-master\final\Debug\link.write.1.tlog
E:\2017\RTMPQoE-master\final\Debug\link-cvtres.read.1.tlog
E:\2017\RTMPQoE-master\final\Debug\link-cvtres.write.1.tlog
E:\2017\RTMPQoE-master\final\Debug\mt.command.1.tlog
E:\2017\RTMPQoE-master\final\Debug\mt.read.1.tlog
E:\2017\RTMPQoE-master\final\Debug\mt.write.1.tlog
E:\2017\RTMPQOE-MASTER\FINAL\DEBUG\NET_QOE.OBJ
E:\2017\RTMPQoE-master\final\Debug\rc.command.1.tlog
E:\2017\RTMPQoE-master\final\Debug\rc.read.1.tlog
E:\2017\RTMPQoE-master\final\Debug\rc.write.1.tlog
E:\2017\RTMPQOE-MASTER\FINAL\DEBUG\SCORE.OBJ
E:\2017\RTMPQOE-MASTER\FINAL\DEBUG\STDAFX.OBJ
E:\2017\RTMPQoE-master\final\Debug\teechart5.tlh
E:\2017\RTMPQoE-master\final\Debug\teechart5.tli
E:\2017\RTMPQoE-master\final\Debug\vc100.idb
E:\2017\RTMPQOE-MASTER\FINAL\DEBUG\VC100.PDB
E:\2017\RTMPQOE-MASTER\FINAL\DEBUG\WELCOME.OBJ
